<?xml version="1.0" encoding="UTF-8"?>
<!-- Generated by org.testng.reporters.JUnitReportReporter -->
<testsuite skipped="0" hostname="Amol-PC" name="com.SearchProductTest" tests="2" failures="0" timestamp="14 Dec 2019 11:17:54 GMT" time="17.557" errors="0">
  <testcase name="LoginTest" time="2.110" classname="com.SearchProductTest"/>
  <testcase name="Searching" time="15.447" classname="com.SearchProductTest"/>
</testsuite> <!-- com.SearchProductTest -->
