<?xml version="1.0" encoding="UTF-8"?>
<!-- Generated by org.testng.reporters.JUnitReportReporter -->
<testsuite skipped="0" hostname="Amol-PC" name="com.HomePageTest" tests="1" failures="0" timestamp="14 Dec 2019 11:00:24 GMT" time="0.770" errors="0">
  <testcase name="LoginTest" time="0.770" classname="com.HomePageTest"/>
</testsuite> <!-- com.HomePageTest -->
