<?xml version="1.0" encoding="UTF-8"?>
<!-- Generated by org.testng.reporters.JUnitReportReporter -->
<testsuite skipped="0" hostname="Amol-PC" name="F.Flipkart.TestBase" tests="1" failures="0" timestamp="05 Dec 2019 07:15:18 GMT" time="27.865" errors="0">
  <testcase name="initialization" time="27.865" classname="F.Flipkart.TestBase"/>
</testsuite> <!-- F.Flipkart.TestBase -->
